{"/Users/simondi/PROJECTS/generators/generator-java-bone/app/index.js":{"path":"/Users/simondi/PROJECTS/generators/generator-java-bone/app/index.js","s":{"1":1,"2":1,"3":1,"4":1,"5":1,"6":1,"7":1,"8":1,"9":1,"10":1,"11":1,"12":1,"13":1,"14":1,"15":1,"16":1,"17":1,"18":1,"19":1,"20":1,"21":1,"22":1,"23":1,"24":1},"b":{},"f":{"1":1,"2":1,"3":1},"fnMap":{"1":{"name":"(anonymous_1)","line":10,"loc":{"start":{"line":10,"column":10},"end":{"line":10,"column":13}}},"2":{"name":"(anonymous_2)","line":48,"loc":{"start":{"line":48,"column":10},"end":{"line":48,"column":13}}},"3":{"name":"(anonymous_3)","line":143,"loc":{"start":{"line":143,"column":6},"end":{"line":143,"column":9}}}},"statementMap":{"1":{"start":{"line":4,"column":0},"end":{"line":4,"column":44}},"2":{"start":{"line":5,"column":0},"end":{"line":5,"column":29}},"3":{"start":{"line":6,"column":0},"end":{"line":6,"column":29}},"4":{"start":{"line":7,"column":0},"end":{"line":7,"column":31}},"5":{"start":{"line":9,"column":0},"end":{"line":146,"column":2}},"6":{"start":{"line":11,"column":2},"end":{"line":45,"column":6}},"7":{"start":{"line":43,"column":5},"end":{"line":43,"column":25}},"8":{"start":{"line":44,"column":5},"end":{"line":44,"column":32}},"9":{"start":{"line":50,"column":4},"end":{"line":50,"column":45}},"10":{"start":{"line":52,"column":4},"end":{"line":56,"column":7}},"11":{"start":{"line":59,"column":2},"end":{"line":68,"column":7}},"12":{"start":{"line":70,"column":4},"end":{"line":78,"column":7}},"13":{"start":{"line":80,"column":4},"end":{"line":88,"column":7}},"14":{"start":{"line":90,"column":4},"end":{"line":98,"column":6}},"15":{"start":{"line":100,"column":2},"end":{"line":105,"column":6}},"16":{"start":{"line":107,"column":2},"end":{"line":112,"column":6}},"17":{"start":{"line":114,"column":2},"end":{"line":116,"column":38}},"18":{"start":{"line":118,"column":2},"end":{"line":120,"column":40}},"19":{"start":{"line":122,"column":2},"end":{"line":124,"column":37}},"20":{"start":{"line":126,"column":2},"end":{"line":128,"column":41}},"21":{"start":{"line":130,"column":2},"end":{"line":132,"column":44}},"22":{"start":{"line":134,"column":2},"end":{"line":136,"column":41}},"23":{"start":{"line":138,"column":2},"end":{"line":140,"column":44}},"24":{"start":{"line":144,"column":4},"end":{"line":144,"column":23}}},"branchMap":{}}}