{"/Users/simondi/PROJECTS/generators/generator-java-bone/app/index.js":{"path":"/Users/simondi/PROJECTS/generators/generator-java-bone/app/index.js","s":{"1":1,"2":1,"3":1,"4":1,"5":1,"6":1,"7":1,"8":1,"9":1,"10":0,"11":1,"12":1,"13":1,"14":1,"15":1,"16":1,"17":1,"18":1,"19":1,"20":1,"21":1,"22":1,"23":1,"24":1,"25":1,"26":1,"27":1,"28":1,"29":1},"b":{},"f":{"1":1,"2":0,"3":1,"4":1},"fnMap":{"1":{"name":"(anonymous_1)","line":11,"loc":{"start":{"line":11,"column":13},"end":{"line":11,"column":16}}},"2":{"name":"(anonymous_2)","line":28,"loc":{"start":{"line":28,"column":22},"end":{"line":28,"column":39}}},"3":{"name":"(anonymous_3)","line":57,"loc":{"start":{"line":57,"column":11},"end":{"line":57,"column":14}}},"4":{"name":"(anonymous_4)","line":159,"loc":{"start":{"line":159,"column":7},"end":{"line":159,"column":10}}}},"statementMap":{"1":{"start":{"line":3,"column":0},"end":{"line":3,"column":44}},"2":{"start":{"line":4,"column":0},"end":{"line":4,"column":29}},"3":{"start":{"line":5,"column":0},"end":{"line":5,"column":29}},"4":{"start":{"line":6,"column":0},"end":{"line":6,"column":31}},"5":{"start":{"line":7,"column":0},"end":{"line":7,"column":31}},"6":{"start":{"line":8,"column":0},"end":{"line":8,"column":37}},"7":{"start":{"line":10,"column":0},"end":{"line":162,"column":2}},"8":{"start":{"line":13,"column":8},"end":{"line":16,"column":11}},"9":{"start":{"line":18,"column":8},"end":{"line":54,"column":11}},"10":{"start":{"line":29,"column":16},"end":{"line":29,"column":48}},"11":{"start":{"line":52,"column":12},"end":{"line":52,"column":32}},"12":{"start":{"line":53,"column":12},"end":{"line":53,"column":39}},"13":{"start":{"line":59,"column":8},"end":{"line":59,"column":49}},"14":{"start":{"line":61,"column":8},"end":{"line":65,"column":15}},"15":{"start":{"line":67,"column":8},"end":{"line":76,"column":15}},"16":{"start":{"line":78,"column":8},"end":{"line":88,"column":15}},"17":{"start":{"line":90,"column":8},"end":{"line":100,"column":15}},"18":{"start":{"line":102,"column":8},"end":{"line":110,"column":15}},"19":{"start":{"line":112,"column":8},"end":{"line":117,"column":15}},"20":{"start":{"line":119,"column":8},"end":{"line":124,"column":15}},"21":{"start":{"line":126,"column":8},"end":{"line":128,"column":46}},"22":{"start":{"line":130,"column":8},"end":{"line":132,"column":50}},"23":{"start":{"line":134,"column":8},"end":{"line":136,"column":48}},"24":{"start":{"line":138,"column":8},"end":{"line":140,"column":45}},"25":{"start":{"line":142,"column":8},"end":{"line":144,"column":49}},"26":{"start":{"line":146,"column":8},"end":{"line":148,"column":52}},"27":{"start":{"line":150,"column":8},"end":{"line":152,"column":49}},"28":{"start":{"line":154,"column":8},"end":{"line":156,"column":52}},"29":{"start":{"line":160,"column":8},"end":{"line":160,"column":27}}},"branchMap":{}}}