TN:
SF:/Users/simondi/PROJECTS/generators/generator-java-bone/app/index.js
FN:11,(anonymous_1)
FN:28,(anonymous_2)
FN:57,(anonymous_3)
FN:159,(anonymous_4)
FNF:4
FNH:3
FNDA:1,(anonymous_1)
FNDA:0,(anonymous_2)
FNDA:1,(anonymous_3)
FNDA:1,(anonymous_4)
DA:3,1
DA:4,1
DA:5,1
DA:6,1
DA:7,1
DA:8,1
DA:10,1
DA:13,1
DA:18,1
DA:29,0
DA:52,1
DA:53,1
DA:59,1
DA:61,1
DA:67,1
DA:78,1
DA:90,1
DA:102,1
DA:112,1
DA:119,1
DA:126,1
DA:130,1
DA:134,1
DA:138,1
DA:142,1
DA:146,1
DA:150,1
DA:154,1
DA:160,1
LF:29
LH:28
BRF:0
BRH:0
end_of_record
